$ ./kakunin-install.sh 

>>> Deleting container folder: kakunin-workshop ...

>>> Creating container folder: kakunin-workshop ...

>>> PWD=/Users/wilsonmar/kakunin-workshop
Downloading https://raw.githubusercontent.com/wilsonmar/DevSecOps/master/Kakunin/package.json ...
  % Total    % Received % Xferd  Average Speed   Time    Time     Time  Current
                                 Dload  Upload   Total   Spent    Left  Speed
100   253  100   253    0     0    602      0 --:--:-- --:--:-- --:--:--   603
npm notice created a lockfile as package-lock.json. You should commit this file.
npm WARN workshop@0.0.1 No description
npm WARN workshop@0.0.1 No repository field.

+ cross-env@5.2.0
added 10 packages from 8 contributors and audited 10 packages in 1.936s
found 0 vulnerabilities

npm WARN workshop@0.0.1 No description
npm WARN workshop@0.0.1 No repository field.

+ webdriver-manager@12.1.0
added 87 packages from 114 contributors and audited 164 packages in 6.093s
found 0 vulnerabilities

npm WARN workshop@0.0.1 No description
npm WARN workshop@0.0.1 No repository field.

+ protractor@5.4.0
added 38 packages from 83 contributors and audited 454 packages in 3.678s
found 0 vulnerabilities


>>> Installing kakunin ...

> cucumber-expressions@5.0.18 postinstall /Users/wilsonmar/kakunin-workshop/node_modules/cucumber-expressions
> node scripts/postinstall.js


> kakunin@2.1.3 postinstall /Users/wilsonmar/kakunin-workshop/node_modules/kakunin
> webdriver-manager update

[10:11:32] I/file_manager - creating folder /Users/wilsonmar/kakunin-workshop/node_modules/webdriver-manager/selenium
[10:11:32] I/config_source - curl -o/Users/wilsonmar/kakunin-workshop/node_modules/webdriver-manager/selenium/standalone-response.xml https://selenium-release.storage.googleapis.com/
[10:11:32] I/config_source - curl -o/Users/wilsonmar/kakunin-workshop/node_modules/webdriver-manager/selenium/chrome-response.xml https://chromedriver.storage.googleapis.com/
[10:11:32] I/config_source - curl -o/Users/wilsonmar/kakunin-workshop/node_modules/webdriver-manager/selenium/gecko-response.json https://api.github.com/repos/mozilla/geckodriver/releases
[10:11:33] I/downloader - curl -o/Users/wilsonmar/kakunin-workshop/node_modules/webdriver-manager/selenium/chromedriver_2.41.zip https://chromedriver.storage.googleapis.com/2.41/chromedriver_mac64.zip
[10:11:33] I/downloader - curl -o/Users/wilsonmar/kakunin-workshop/node_modules/webdriver-manager/selenium/selenium-server-standalone-3.14.0.jar https://selenium-release.storage.googleapis.com/3.14/selenium-server-standalone-3.14.0.jar
[10:11:36] I/downloader - curl -o/Users/wilsonmar/kakunin-workshop/node_modules/webdriver-manager/selenium/geckodriver-v0.21.0.tar.gz https://github.com/mozilla/geckodriver/releases/download/v0.21.0/geckodriver-v0.21.0-macos.tar.gz
[10:11:40] I/update - chromedriver: unzipping chromedriver_2.41.zip
[10:11:40] I/update - chromedriver: setting permissions to 0755 for /Users/wilsonmar/kakunin-workshop/node_modules/webdriver-manager/selenium/chromedriver_2.41
[10:11:46] I/update - geckodriver: unzipping geckodriver-v0.21.0.tar.gz
[10:11:46] I/update - geckodriver: setting permissions to 0755 for /Users/wilsonmar/kakunin-workshop/node_modules/webdriver-manager/selenium/geckodriver-v0.21.0
npm WARN workshop@0.0.1 No description
npm WARN workshop@0.0.1 No repository field.

+ kakunin@2.1.3
added 216 packages from 330 contributors and audited 1448 packages in 31.053s
found 2 high severity vulnerabilities
  run `npm audit fix` to fix them, or `npm audit` for details
workshop@0.0.1 /Users/wilsonmar/kakunin-workshop
└── kakunin@2.1.3 


>>> Listing node_modules/kakunin ...
total 88
drwxr-xr-x   21 wilsonmar  staff   672 Aug 21 10:11 .
drwxr-xr-x  297 wilsonmar  staff  9504 Aug 21 10:11 ..
-rw-r--r--    1 wilsonmar  staff   146 Oct 26  1985 .babelrc
-rw-r--r--    1 wilsonmar  staff   180 Oct 26  1985 .editorconfig
-rw-r--r--    1 wilsonmar  staff   394 Oct 26  1985 .eslintrc.js
-rw-r--r--    1 wilsonmar  staff  2960 Oct 26  1985 CHANGELOG.MD
-rw-r--r--    1 wilsonmar  staff  4037 Oct 26  1985 CONTRIBUTING.MD
-rw-r--r--    1 wilsonmar  staff  1075 Oct 26  1985 LICENSE
-rw-r--r--    1 wilsonmar  staff  2101 Oct 26  1985 MIGRATION-2.0.MD
-rw-r--r--    1 wilsonmar  staff  1402 Oct 26  1985 ROADMAP.MD
drwxr-xr-x   17 wilsonmar  staff   544 Aug 21 10:11 dist
drwxr-xr-x   15 wilsonmar  staff   480 Aug 21 10:11 docs
drwxr-xr-x   11 wilsonmar  staff   352 Aug 21 10:11 docs-src
drwxr-xr-x    4 wilsonmar  staff   128 Aug 21 10:11 docs-theme
drwxr-xr-x   11 wilsonmar  staff   352 Aug 21 10:11 functional-tests
-rw-r--r--    1 wilsonmar  staff   979 Oct 26  1985 mkdocs.yml
drwxr-xr-x   18 wilsonmar  staff   576 Aug 21 10:11 node_modules
-rw-r--r--    1 wilsonmar  staff  3823 Aug 21 10:11 package.json
-rw-r--r--    1 wilsonmar  staff  2668 Oct 26  1985 readme.md
drwxr-xr-x   17 wilsonmar  staff   544 Aug 21 10:11 src
drwxr-xr-x   10 wilsonmar  staff   320 Aug 21 10:11 templates

>>> Running kakunin init ...

> workshop@0.0.1 kakunin /Users/wilsonmar/kakunin-workshop
> cross-env NODE_ENV=prod kakunin "init"

? What kind of application would you like to test? otherWeb
? What is base url? [http://localhost:3000] 
>>> List tree after init ...

>>> Copying kakunin.conf.js and others from /functional-tests ...

>>> Linking from dist/step_definitions ...
debug.js       elements.js    email.js       file.js        form.js        generators.js  navigation.js  performance.js

>>> Listing kakunin folder ...
total 1112
drwxr-xr-x   21 wilsonmar  staff     672 Aug 21 10:11 .
drwxr-xr-x+ 150 wilsonmar  staff    4800 Aug 21 10:11 ..
drwxr-xr-x    3 wilsonmar  staff      96 Aug 21 10:11 dictionaries
drwxr-xr-x    9 wilsonmar  staff     288 Aug 21 10:11 features
lrwxr-xr-x    1 wilsonmar  staff      51 Aug 21 10:11 kakunin-debug.js -> node_modules/kakunin/dist/step_definitions/debug.js
lrwxr-xr-x    1 wilsonmar  staff      54 Aug 21 10:11 kakunin-elements.js -> node_modules/kakunin/dist/step_definitions/elements.js
lrwxr-xr-x    1 wilsonmar  staff      51 Aug 21 10:11 kakunin-email.js -> node_modules/kakunin/dist/step_definitions/email.js
lrwxr-xr-x    1 wilsonmar  staff      50 Aug 21 10:11 kakunin-file.js -> node_modules/kakunin/dist/step_definitions/file.js
lrwxr-xr-x    1 wilsonmar  staff      50 Aug 21 10:11 kakunin-form.js -> node_modules/kakunin/dist/step_definitions/form.js
lrwxr-xr-x    1 wilsonmar  staff      56 Aug 21 10:11 kakunin-generators.js -> node_modules/kakunin/dist/step_definitions/generators.js
lrwxr-xr-x    1 wilsonmar  staff      56 Aug 21 10:11 kakunin-navigation.js -> node_modules/kakunin/dist/step_definitions/navigation.js
-rw-r--r--    1 wilsonmar  staff    1348 Aug 21 10:11 kakunin.conf.js
drwxr-xr-x  297 wilsonmar  staff    9504 Aug 21 10:11 node_modules
-rw-r--r--    1 wilsonmar  staff   99095 Aug 21 10:11 package-lock.json
-rw-r--r--    1 wilsonmar  staff     910 Aug 21 10:11 package.json
drwxr-xr-x   15 wilsonmar  staff     480 Aug 21 10:11 pages
drwxr-xr-x    3 wilsonmar  staff      96 Aug 21 10:11 regexes
drwxr-xr-x    5 wilsonmar  staff     160 Aug 21 10:11 reports
drwxr-xr-x    3 wilsonmar  staff      96 Aug 21 10:11 step_definitions
-rw-r--r--    1 wilsonmar  staff  456526 Aug 21 10:11 tree.after.init.txt
drwxr-xr-x    5 wilsonmar  staff     160 Aug 21 10:11 www

>>> Updating webdriver-manager to avoid error message ...
[10:11:55] I/update - chromedriver: file exists /usr/local/lib/node_modules/protractor/node_modules/webdriver-manager/selenium/chromedriver_2.41.zip
[10:11:55] I/update - chromedriver: unzipping chromedriver_2.41.zip
[10:11:55] I/update - chromedriver: setting permissions to 0755 for /usr/local/lib/node_modules/protractor/node_modules/webdriver-manager/selenium/chromedriver_2.41
[10:11:55] I/update - chromedriver: chromedriver_2.41 up to date
[10:11:55] I/update - selenium standalone: file exists /usr/local/lib/node_modules/protractor/node_modules/webdriver-manager/selenium/selenium-server-standalone-3.14.0.jar
[10:11:55] I/update - selenium standalone: selenium-server-standalone-3.14.0.jar up to date
[10:11:56] I/update - geckodriver: file exists /usr/local/lib/node_modules/protractor/node_modules/webdriver-manager/selenium/geckodriver-v0.21.0.tar.gz
[10:11:56] I/update - geckodriver: unzipping geckodriver-v0.21.0.tar.gz
[10:11:56] I/update - geckodriver: setting permissions to 0755 for /usr/local/lib/node_modules/protractor/node_modules/webdriver-manager/selenium/geckodriver-v0.21.0
[10:11:56] I/update - geckodriver: geckodriver-v0.21.0 up to date

>>> Running npm run kakunin ...

> kakunin-functional-tests@1.0.0 kakunin /Users/wilsonmar/kakunin-workshop
> cross-env NODE_ENV=prod kakunin

[10:11:57] I/launcher - Running 1 instances of WebDriver
[10:11:57] I/local - Starting selenium standalone server...
[10:11:57] I/local - Selenium standalone server started at http://192.168.0.190:53322/wd/hub
(node:24165) [DEP0005] DeprecationWarning: Buffer() is deprecated due to security and usability issues. Please use the Buffer.alloc(), Buffer.allocUnsafe(), or Buffer.from() methods instead.
All reports have been deleted!
Directory /Users/wilsonmar/kakunin-workshop/matchers does not exist.
Directory /Users/wilsonmar/kakunin-workshop/generators does not exist.
Directory /Users/wilsonmar/kakunin-workshop/comparators does not exist.
Directory /Users/wilsonmar/kakunin-workshop/form_handlers does not exist.
Directory /Users/wilsonmar/kakunin-workshop/transformers does not exist.
..Warning! Element was not clickable. We need to scroll it down.
F---[10:12:06] E/launcher - move target out of bounds: Failed to read the 'localStorage' property from 'Window': Access is denied for this document.
  (Session info: chrome=68.0.3440.106)
  (Driver info: chromedriver=2.41.578706 (5f725d1b4f0a4acbf5259df887244095596231db),platform=Mac OS X 10.13.6 x86_64)
[10:12:06] E/launcher - WebDriverError: move target out of bounds: Failed to read the 'localStorage' property from 'Window': Access is denied for this document.
  (Session info: chrome=68.0.3440.106)
  (Driver info: chromedriver=2.41.578706 (5f725d1b4f0a4acbf5259df887244095596231db),platform=Mac OS X 10.13.6 x86_64)
    at Object.checkLegacyResponse (/Users/wilsonmar/kakunin-workshop/node_modules/selenium-webdriver/lib/error.js:546:15)
    at parseHttpResponse (/Users/wilsonmar/kakunin-workshop/node_modules/selenium-webdriver/lib/http.js:509:13)
    at doSend.then.response (/Users/wilsonmar/kakunin-workshop/node_modules/selenium-webdriver/lib/http.js:441:30)
    at process._tickCallback (internal/process/next_tick.js:68:7)
From: Task: WebDriver.executeScript()
    at thenableWebDriverProxy.schedule (/Users/wilsonmar/kakunin-workshop/node_modules/selenium-webdriver/lib/webdriver.js:807:17)
    at thenableWebDriverProxy.executeScript (/Users/wilsonmar/kakunin-workshop/node_modules/selenium-webdriver/lib/webdriver.js:878:16)
    at run (/Users/wilsonmar/kakunin-workshop/node_modules/protractor/built/browser.js:59:33)
    at ProtractorBrowser.to.(anonymous function) [as executeScript] (/Users/wilsonmar/kakunin-workshop/node_modules/protractor/built/browser.js:67:16)
    at localStorageFunc (/Users/wilsonmar/kakunin-workshop/node_modules/kakunin/dist/configuration/hooks.js:63:49)
    at cookiesFunc.then (/Users/wilsonmar/kakunin-workshop/node_modules/kakunin/dist/configuration/hooks.js:67:5)
    at ManagedPromise.invokeCallback_ (/Users/wilsonmar/kakunin-workshop/node_modules/selenium-webdriver/lib/promise.js:1376:14)
    at TaskQueue.execute_ (/Users/wilsonmar/kakunin-workshop/node_modules/selenium-webdriver/lib/promise.js:3084:14)
    at TaskQueue.executeNext_ (/Users/wilsonmar/kakunin-workshop/node_modules/selenium-webdriver/lib/promise.js:3067:27)
    at asyncRun (/Users/wilsonmar/kakunin-workshop/node_modules/selenium-webdriver/lib/promise.js:2927:27)
    at /Users/wilsonmar/kakunin-workshop/node_modules/selenium-webdriver/lib/promise.js:668:7
    at process._tickCallback (internal/process/next_tick.js:68:7)
[10:12:06] E/launcher - Process exited with error code 199
Protractor has finished
npm ERR! code ELIFECYCLE
npm ERR! errno 199
npm ERR! kakunin-functional-tests@1.0.0 kakunin: `cross-env NODE_ENV=prod kakunin`
npm ERR! Exit status 199
npm ERR! 
npm ERR! Failed at the kakunin-functional-tests@1.0.0 kakunin script.
npm ERR! This is probably not a problem with npm. There is likely additional logging output above.

npm ERR! A complete log of this run can be found in:
npm ERR!     /Users/wilsonmar/.npm/_logs/2018-08-21T16_12_06_927Z-debug.log

>>> 45 MB of disk space consumed during this script run.

>>> End of script  after 1m 0s seconds elapsed.